105.9
116.8
108.9
72.4
99.1
100.5
86.9
98.1
101.4
118.6
107.4
75.9
80.2
62.3
89.9
96.7
83.0
89.6
96.7
93.1
85.7
104.0
116.7
106.3
100.0
102.3
121.8
125.8
106.2
105.2
113.3
98.6
127.2
119.0
124.6
116.5
92.2
117.3
81.7
86.0
90.1
117.4
87.2
86.2
77.0
110.3
119.3
106.1
106.9
111.6
94.9
117.6
110.6
100.4
116.4
111.6
95.4
90.4
87.7
68.9
102.5
83.6
131.6
95.3
79.2
95.6
111.0
96.7
94.4
84.1
106.2
106.4
110.9
112.0
118.6
102.7
120.8
106.2
89.8
95.1
150.2
79.3
110.1
85.0
107.1
110.2
105.7
80.1
122.0
75.8
110.7
66.1
79.6
89.7
84.1
96.3
111.2
108.9
87.7
73.7
109.6
76.3
132.3
106.3
103.5
86.8
77.1
118.2
86.5
90.0
86.0
85.1
116.8
89.4
98.4
103.7
91.5
79.7
71.3
103.5
118.1
78.4
79.7
71.7
68.4
89.4
91.6
93.1
78.0
121.7
72.4
121.0
122.1
115.5
119.3
116.9
87.6
111.7
104.8
100.5
93.9
115.1
104.4
112.3
116.1
94.7
108.4
129.7
118.8
125.8
100.6
89.3
91.8
112.4
95.9
102.5
107.8
93.4
71.0
109.4
121.8
84.5
108.5
113.3
89.9
107.5
96.3
100.9
108.7
112.6
93.0
111.0
100.3
78.1
96.6
114.1
105.9
96.5
108.4
142.4
107.6
74.2
113.1
98.1
94.2
109.4
103.7
83.4
110.0
103.6
82.0
102.1
107.7
87.7
108.5
84.6
85.8
110.0
105.3
92.5
96.7
60.7
108.1
105.1
121.2
100.6
115.0
87.6
124.1
147.2
104.5
113.7
70.9
80.4
100.4
93.9
87.3
136.8
100.6
87.2
86.6
101.9
95.5
112.4
76.6
87.8
81.6
101.3
88.3
89.7
81.7
93.8
79.2
93.5
102.5
84.9
73.3
91.0
90.1
83.4
117.7
107.3
68.2
98.2
90.5
100.9
82.9
89.5
127.1
119.0
106.3
121.9
85.2
61.7
112.3
109.8
118.2
89.5
109.7
117.6
78.4
139.9
106.2
110.8
97.9
109.5
83.2
99.4
99.6
106.5
108.7
84.8
94.2
92.2
108.1
91.3
132.5
87.2
82.5
99.4
113.9
153.2
102.5
101.4
89.0
93.7
81.3
87.5
95.9
102.2
92.1
80.1
105.3
69.9
94.3
106.5
93.0
94.0
112.7
116.6
115.7
124.7
81.5
101.9
100.5
96.8
100.7
96.9
114.7
115.4
130.4
84.3
111.6
116.6
106.7
91.9
83.7
112.3
62.5
82.5
90.0
125.2
74.7
74.4
108.8
98.3
99.2
111.7
76.3
91.9
86.5
84.6
98.1
76.7
92.0
109.5
75.1
109.3
91.1
121.8
69.9
88.7
78.2
104.9
100.7
120.5
107.2
108.6
92.5
95.2
104.5
96.3
83.6
104.6
88.6
92.6
82.4
96.9
96.2
115.8
83.0
112.4
106.2
99.1
121.5
87.6
77.1
97.8
100.6
99.9
108.9
93.2
87.2
68.4
84.1
100.5
101.4
94.7
126.6
114.8
95.2
66.7
101.6
96.8
120.2
90.7
77.1
129.8
101.7
94.2
112.3
74.2
97.6
89.6
86.4
126.1
124.5
126.4
104.1
114.5
98.6
87.4
118.8
74.7
97.7
107.1
106.0
131.8
91.8
67.4
84.3
108.8
90.1
109.9
88.8
75.4
94.7
95.2
79.7
84.9
112.3
105.6
76.7
88.3
109.1
114.0
100.5
83.2
76.8
92.7
100.4
108.9
121.6
104.6
65.0
76.4
111.8
109.9
101.7
112.6
86.7
117.0
87.9
98.5
119.8
101.2
128.5
93.8
87.1
95.7
89.6
111.8
135.1
89.5
99.4
106.9
97.0
80.3
80.4
123.4
103.9
88.3
99.4
93.3
71.4
83.9
115.6
122.9
115.6
62.8
86.3
100.1
99.7
116.6
93.0
97.2
96.4
111.0
125.8
117.3
104.6
105.7
102.1
105.7
65.7
69.4
107.0
111.9
106.7
67.2
100.6
118.0
113.2
96.4
105.0
115.3
86.3
86.1
105.5
78.7
107.1
60.6
104.7
110.2
88.5
92.2
97.0
96.1
101.3
97.6
83.0
105.9
109.8
88.2
124.8
97.1
98.6
105.1
67.9
105.1
58.9
95.9
136.3
101.3
108.4
112.0
80.5
118.1
85.7
111.5
92.7
75.7
113.9
119.4
71.8
99.5
123.3
111.9
120.4
108.7
106.3
138.7
86.3
83.3
86.7
113.2
117.9
94.4
90.5
121.4
86.2
81.4
94.0
68.6
104.3
110.2
87.1
95.4
87.0
88.6
121.2
95.7
88.1
104.7
95.1
85.8
101.8
99.3
105.1
107.0
80.1
78.9
102.4
87.9
121.7
81.8
117.9
98.7
102.0
85.2
71.9
68.9
110.5
110.3
110.3
74.0
99.9
123.4
113.6
114.3
113.9
102.7
138.7
76.5
104.8
106.6
110.2
93.4
101.6
91.6
94.3
90.8
88.3
85.7
93.9
117.0
101.9
85.8
96.1
100.3
131.5
100.7
115.5
93.1
115.2
82.9
98.9
75.5
115.3
98.2
103.9
87.3
116.2
114.3
97.6
122.6
110.4
79.9
105.8
80.9
113.5
81.7
96.7
103.8
118.9
92.2
90.4
86.2
103.4
80.9
104.6
92.2
131.7
106.7
91.8
111.0
79.6
100.3
93.2
90.0
122.6
120.8
97.1
107.7
80.5
99.3
114.5
102.3
115.3
96.6
120.8
128.6
102.4
117.3
91.6
87.0
117.0
124.4
61.1
79.2
107.1
103.6
117.8
96.6
97.4
118.4
83.4
132.3
92.8
90.8
71.8
106.8
108.8
112.0
102.1
76.3
119.7
114.8
81.6
95.0
88.1
103.3
114.6
113.9
94.3
99.6
99.6
117.9
105.0
85.2
124.0
116.4
84.6
87.8
127.9
83.9
98.4
108.8
95.4
95.2
109.1
96.9
91.5
121.1
85.0
105.6
105.2
78.9
141.3
97.3
99.5
75.1
104.9
112.4
79.9
89.6
117.5
90.3
118.9
94.6
108.1
105.4
75.2
100.6
87.7
94.4
96.3
102.6
83.5
123.2
104.4
104.9
112.7
99.5
103.8
112.1
104.9
67.6
127.2
87.6
104.7
101.0
96.0
104.7
112.9
70.5
107.4
117.5
80.0
129.3
101.1
133.7
92.6
96.9
94.9
93.6
105.3
96.9
130.3
100.6
101.4
103.2
107.9
134.6
100.1
91.7
117.3
80.6
120.8
87.7
99.0
107.9
94.3
110.7
89.5
123.1
103.5
100.6
94.9
110.4
107.7
85.6
85.4
119.7
94.0
91.5
76.8
89.8
101.2
109.5
92.6
92.6
87.0
107.2
71.7
96.1
98.4
100.1
101.4
113.2
85.1
85.5
89.1
124.5
103.4
114.5
102.0
115.1
116.5
112.8
122.4
119.1
93.5
97.1
96.9
93.6
117.0
109.8
95.8
110.1
115.4
100.3
83.1
126.2
107.4
101.4
110.7
75.9
96.9
88.4
102.8
106.8
97.3
96.3
94.8
94.8
97.9
100.2
111.1
93.3
78.0
95.4
90.2
68.5
111.6
95.5
93.0
103.1
84.3
108.6
74.3
82.5
87.1
80.4
113.4
84.0
108.1
78.9
115.2
105.8
118.2
100.8
108.8
115.5
98.8
100.5
109.1
129.6
86.3
97.8
110.7
89.9
120.0
100.9
83.4
110.7
108.0
92.1
89.7
92.3
89.9
113.2
104.4
97.3
112.7
97.5
101.9
107.6
87.4
88.8
97.4
144.2
118.3
104.7
87.2
127.3
112.9
91.8
86.9
86.2
87.0
109.6
109.6
111.7
84.1
133.1
97.0
122.5
77.0
102.8
95.1
118.1
103.4
112.8
105.9
67.0
85.5
90.3
81.1
99.0
143.9
91.7
109.5
88.1
75.2
99.0
85.8
75.6
107.8
73.2
105.9
126.3
82.3
120.0
97.8
100.7
73.6
105.1
107.4
104.8
80.3
107.0
93.1
94.0
125.1
103.5
97.4
103.1
86.0
110.3
99.0
112.4
76.5
99.8
102.1
104.0
96.6
99.1
88.0
107.8
98.2
116.0
90.2
101.7
106.2
88.5
124.8
125.2
108.6
92.2
93.2
82.7
67.7
101.4
90.0
97.5
76.5
85.9
102.8
113.2
104.1
99.1
107.8
113.1
122.1
100.9
97.4
97.2
93.5
129.6
85.0
89.4
87.2
99.9
125.9
77.9
108.8
102.1
82.1
102.8
109.6
92.8
118.5
64.3
90.3
99.7
97.0
101.3
62.9
101.9
109.9
79.7
80.3
116.7
84.4
103.6
93.7
111.4
91.6
114.3
101.0
106.1
127.9
96.1
64.7
81.4
106.3
142.2
109.0
92.9
84.7
114.3
105.2
89.9
104.5
83.5
93.3
62.1
115.7
102.8
130.5
94.8
85.2
106.5
120.7
123.0
101.2
90.0
96.4
104.6
79.3
121.2
106.5
138.2
99.6
85.4
85.6
121.1
100.5
88.1
101.9
103.1
108.6
110.4
117.2
107.2
123.8
87.0
108.3
98.8
99.1
113.9
101.8
112.7
139.5
86.5
125.5
119.8
104.3
106.4
86.5
82.0
107.6
95.8
118.5
82.5
120.0
97.4
97.9
103.5
109.7
104.7
107.2
122.5
99.0
90.8
103.6
98.3
99.4
93.2
70.5
92.4
116.5
116.7
93.3
63.8
102.5
129.5
100.9
91.5
108.3
94.4
119.4
80.7
113.8
95.4
97.6
88.1
92.5
116.9
93.5
125.7
83.1
108.6
63.2
85.9
94.9
106.1
80.4
96.2
111.0
74.6
88.0
83.9
118.2
85.5
116.3
79.4
116.2
95.4
92.7
129.4
107.7
104.2
74.0
88.3
105.3
89.7
97.2
90.9
113.6
96.0
114.9
98.1
102.8
116.9
76.8
100.8
88.2
97.7
105.6
93.8
93.6
108.3
104.3
119.6
91.9
90.9
94.3
117.8
94.8
102.1
88.5
120.3
113.1
80.8
106.3
87.9
103.8
107.1
120.2
102.8
89.8
113.3
129.9
85.1
105.1
92.1
102.5
121.4
110.5
101.4
98.9
101.4
86.1
88.6
86.9
99.3
97.6
110.7
98.1
100.1
99.2
104.8
107.2
93.5
85.5
89.7
100.5
115.5
95.3
115.1
92.8
97.4
86.6
93.7
135.0
79.4
85.7
96.9
112.9
116.4
93.4
106.6
91.6
110.9
99.5
124.5
109.0
97.0
109.3
112.4
109.6
76.1
109.6
89.4
95.5
136.4
89.1
117.0
114.2
103.7
87.9
74.2
111.4
114.3
74.8
93.1
60.3
104.5
98.8
143.3
112.9
112.5
103.7
100.3
126.6
107.8
137.2
110.0
107.8
83.0
120.4
85.7
113.6
111.3
133.1
104.2
100.4
104.0
91.6
98.1
112.6
96.9
80.5
98.3
104.3
120.0
83.8
99.3
98.9
99.7
105.3
79.0
77.2
113.1
93.6
102.6
111.2
86.5
109.5
108.6
106.7
122.2
86.5
86.3
98.3
98.3
105.3
114.5
134.6
114.3
101.9
115.3
80.4
104.9
91.0
104.3
96.4
104.8
84.6
88.5
97.7
86.2
119.0
110.2
70.2
113.4
102.1
138.5
102.9
103.3
61.2
117.8
90.4
82.6
124.8
96.0
77.9
119.9
105.0
102.1
91.7
105.8
79.7
105.8
82.3
109.4
95.3
101.8
90.1
103.4
108.2
108.0
110.9
75.6
113.8
92.2
100.3
79.4
100.2
96.7
114.3
94.4
103.5
115.9
77.5
121.6
105.8
114.4
112.9
142.2
122.2
86.3
86.3
88.2
127.9
105.9
115.8
106.0
107.2
96.4
107.0
108.4
99.4
95.6
96.8
107.3
125.1
79.5
103.9
73.4
99.5
109.6
96.3
115.2
89.7
108.8
78.4
116.8
95.2
61.9
82.0
115.0
104.0
89.2
95.7
93.5
94.2
102.0
133.4
90.7
99.2
117.4
84.7
111.3
96.5
99.2
113.4
92.4
84.4
115.4
104.8
114.1
99.4
115.1
112.4
99.6
78.7
127.5
101.8
137.7
106.7
116.4
105.4
72.8
106.3
96.7
111.2
76.2
95.4
82.0
108.1
76.8
88.5
91.4
103.0
80.7
124.1
93.0
71.9
104.3
63.0
108.7
126.7
121.1
109.3
106.6
120.8
132.2
107.2
122.9
96.4
105.5
86.3
78.2
96.0
78.6
95.5
122.8
82.1
84.8
150.2
129.0
85.4
95.1
93.0
122.8
103.7
85.6
87.5
73.9
103.4
107.2
113.8
104.3
107.5
83.2
92.9
100.6
125.9
91.2
99.0
90.1
96.2
104.7
99.2
122.5
84.5
90.0
81.8
114.5
90.8
111.6
96.9
65.1
139.3
110.8
142.8
98.4
100.0
117.0
99.7
100.4
113.2
128.6
104.7
121.0
85.4
89.5
110.6
92.3
105.9
95.3
125.9
75.8
78.0
75.2
116.4
90.6
86.2
103.7
109.2
107.3
102.9
96.4
113.4
107.6
94.3
106.3
92.5
88.0
119.8
113.6
113.1
90.0
120.0
74.3
137.4
103.4
106.8
100.1
94.4
112.0
82.3
89.9
103.3
114.5
93.4
94.3
90.7
97.5
117.1
99.0
104.7
100.1
85.6
115.9
102.9
88.0
116.5
114.7
89.2
115.7
104.6
139.7
116.3
85.9
71.9
101.5
93.6
116.3
90.1
91.8
117.1
120.2
115.5
72.8
95.1
106.0
124.5
102.8
115.7
99.0
89.5
119.9
102.0
119.3
76.1
98.9
84.3
114.0
68.2
99.1
98.1
108.0
127.7
124.4
113.5
102.8
107.9
108.7
87.5
98.4
95.8
67.6
122.4
139.7
88.3
103.6
106.6
132.2
101.9
110.5
90.9
134.1
64.8
119.5
116.0
115.0
113.2
125.6
72.0
111.9
105.2
83.9
111.6
98.0
89.6
86.9
106.1
131.8
91.7
100.5
98.6
107.6
99.2
88.2
114.3
82.8
80.8
96.6
116.8
97.4
111.1
105.5
88.2
126.6
100.1
69.0
97.7
105.7
103.5
95.3
95.2
120.2
94.8
103.7
94.2
86.0
96.3
114.1
106.0
88.3
92.8
107.3
99.2
104.1
103.4
93.9
83.3
116.3
98.4
105.2
82.2
75.8
110.9
87.7
120.7
91.7
83.4
102.2
108.5
104.7
105.7
112.4
108.6
76.9
129.9
116.2
110.6
88.4
94.1
107.6
120.4
96.1
71.9
132.3
93.7
108.4
108.4
99.0
94.0
105.0
96.5
98.3
93.6
84.4
76.8
111.1
103.7
98.5
118.0
99.9
119.2
108.7
112.2
99.2
121.5
123.9
106.9
100.5
110.8
100.2
107.5
103.3
87.3
117.9
103.4
116.1
103.3
99.5
88.4
109.3
110.6
115.4
105.6
142.8
74.5
102.6
111.8
107.8
95.1
116.9
100.4
87.5
99.8
110.6
118.3
121.7
96.8
103.3
94.9
92.0
122.9
105.0
71.0
93.0
93.5
105.2
86.3
101.6
125.7
88.7
119.4
80.3
91.0
104.6
95.4
94.8
128.2
101.4
98.2
93.4
101.7
91.1
92.1
89.9
89.4
100.3
114.5
101.1
102.9
81.6
96.7
83.9
80.3
102.2
124.8
105.8
98.1
94.5
87.3
114.2
93.9
97.5
84.4
89.6
62.5
106.3
90.9
112.4
107.6
96.0
76.6
122.9
94.9
141.9
100.6
103.4
79.2
79.8
123.0
85.9
119.6
93.8
155.6
115.2
106.8
102.9
118.1
126.7
104.6
96.6
97.3
129.0
97.1
113.6
110.1
122.9
79.1
91.6
96.7
77.7
93.2
79.6
112.6
89.6
108.5
81.3
106.0
91.4
94.2
96.9
107.2
114.6
114.1
114.4
98.4
93.7
88.1
134.1
92.9
102.6
74.9
97.0
122.0
102.5
41.3
101.5
93.6
95.0
99.4
94.5
78.3
90.5
109.4
138.5
102.9
108.0
89.8
139.8
85.8
85.9
68.2
111.2
91.3
75.3
89.5
91.3
84.4
110.0
76.5
92.4
126.7
73.5
92.9
116.1
96.7
115.9
131.8
110.0
93.5
78.1
86.9
83.5
109.4
98.1
103.3
109.9
121.2
93.8
117.9
59.0
98.4
75.0
122.5
85.2
97.4
107.2
71.2
83.3
72.9
124.3
49.6
123.1
93.2
97.9
89.1
111.2
97.4
84.6
105.5
92.8
113.4
90.7
113.0
91.8
118.4
96.4
125.3
100.2
104.8
111.1
109.5
105.9
104.0
128.4
108.5
82.2
114.3
118.2
108.3
85.7
113.9
74.1
111.5
102.4
95.0
109.8
88.3
109.8
92.5
123.6
90.3
121.1
95.9
101.4
114.4
103.4
118.7
102.3
117.2
91.8
73.1
97.9
102.8
79.0
69.2
95.6
102.1
105.8
97.9
123.2
106.4
111.7
102.5
100.2
121.0
86.7
92.8
126.8
101.5
98.4
114.7
106.0
132.7
86.7
89.9
93.7
74.5
98.3
97.4
100.7
123.8
75.1
97.9
79.6
85.1
112.1
115.3
152.3
78.6
68.0
112.0
126.0
105.7
99.1
90.7
96.3
95.1
91.9
107.8
108.1
119.4
105.7
88.1
84.5
84.8
120.8
116.2
83.4
87.5
116.8
90.1
103.8
98.2
97.9
130.0
84.7
86.2
100.0
81.1
69.9
113.6
84.1
95.9
112.8
107.2
91.2
92.7
109.5
75.1
83.3
109.9
78.1
83.5
95.8
113.5
118.1
107.5
109.5
84.5
104.6
102.7
106.2
90.8
123.1
120.5
81.3
82.2
108.2
95.6
108.8
98.4
70.4
83.2
91.2
88.3
101.5
104.5
130.3
109.9
108.0
118.7
78.2
105.2
109.4
81.5
73.6
115.0
91.3
103.5
118.8
119.7
107.0
113.5
96.0
82.1
118.8
118.7
100.6
121.4
103.8
65.3
98.0
109.0
91.3
96.9
90.5
79.3
101.5
85.4
113.7
81.1
72.3
83.9
95.1
78.7
92.5
78.6
66.6
102.5
101.0
112.6
87.6
94.7
60.9
126.6
104.8
78.9
112.7
83.3
96.1
106.8
85.1
98.9
99.5
72.5
93.4
137.9
100.9
105.5
90.6
98.6
93.4
119.8
95.4
136.1
82.3
111.9
79.5
92.3
110.8
101.7
120.4
95.9
96.6
100.3
108.0
90.9
96.0
78.0
92.7
95.4
87.8
105.5
96.1
120.1
83.3
106.5
102.4
84.4
78.3
117.0
113.8
107.8
118.3
134.5
110.0
69.2
85.9
107.7
111.5
125.6
87.6
62.0
93.3
113.6
101.5
99.7
104.2
97.7
130.2
125.6
95.0
114.6
106.5
125.4
82.4
98.8
106.2
116.0
114.6
108.7
101.2
110.0
104.1
107.1
105.4
85.6
110.2
95.4
92.9
98.2
106.0
111.6
88.2
75.0
96.2
119.4
96.0
104.3
122.6
86.4
126.2
131.9
110.6
93.2
116.6
88.1
67.0
101.5
100.5
104.3
118.2
95.4
92.4
77.3
119.5
130.9
104.5
105.4
106.7
114.0
104.4
108.5
102.5
105.7
121.2
111.5
111.7
120.1
105.4
118.4
94.2
109.2
144.5
93.7
84.3
95.0
90.3
68.4
81.1
105.0
103.4
105.0
88.6
94.9
93.4
107.5
87.9
89.2
93.5
96.3
110.9
99.4
101.4
114.3
82.2
94.7
90.6
103.4
117.0
109.6
104.1
95.8
115.0
101.6
93.5
79.9
113.3
84.3
100.6
108.3
104.1
133.8
92.6
87.6
80.5
130.6
106.8
87.1
100.1
82.8
88.2
90.5
104.0
102.5
98.7
77.2
91.8
89.0
77.6
98.7
93.9
81.9
113.1
94.2
94.2
96.3
79.0
93.1
57.2
101.9
79.1
79.1
114.9
92.7
68.8
75.3
124.1
123.1
95.7
107.3
105.1
99.1
106.0
88.5
123.5
95.9
84.1
95.2
94.2
85.3
99.2
88.8
84.3
118.4
87.4
80.0
107.5
114.5
106.0
107.7
91.7
98.0
111.2
101.0
120.9
87.4
65.5
73.1
110.7
106.2
114.3
84.6
117.7
106.6
93.3
81.3
84.0
105.5
94.4
122.3
114.4
112.9
90.8
101.9
82.7
109.4
113.0
92.4
106.2
82.9
85.6
97.1
118.8
105.2
90.3
93.6
89.6
96.1
93.3
97.0
94.8
96.5
94.3
115.0
117.9
99.7
111.8
103.5
117.8
112.1
87.7
128.6
107.3
113.3
78.6
93.9
108.1
96.0
81.4
96.3
112.1
140.2
114.5
101.1
83.4
99.2
70.6
89.0
80.9
102.9
79.0
99.1
98.5
94.7
103.1
70.1
100.7
97.6
115.7
100.1
87.1
114.2
123.6
101.6
83.6
104.3
137.7
87.2
90.9
101.6
102.2
134.1
83.5
111.6
121.0
107.3
97.0
121.4
100.9
105.8
112.3
118.3
88.7
97.5
107.4
110.0
116.2
71.2
90.2
92.9
103.2
119.4
90.5
125.8
124.9
90.7
84.9
81.0
91.6
107.6
93.2
80.0
97.1
95.9
117.1
98.1
94.6
118.3
108.2
98.8
91.4
111.1
119.7
108.8
104.6
125.6
120.9
137.6
123.5
101.3
119.3
125.9
102.9
123.4
97.4
97.8
78.1
86.8
104.4
66.5
95.8
118.5
92.2
90.4
107.7
96.9
109.4
76.0
114.8
90.0
92.9
89.5
108.8
85.3
116.1
95.2
89.2
89.6
81.9
93.0
105.6
96.8
90.3
106.9
97.9
131.4
88.5
76.0
110.5
93.3
108.0
114.7
85.4
86.4
92.6
113.1
66.9
73.6
90.6
97.0
81.6
80.3
92.0
111.8
89.8
108.5
113.7
95.9
72.8
112.1
119.9
96.1
104.9
109.8
96.1
81.0
81.4
82.4
108.1
101.6
89.3
94.1
93.1
115.3
114.1
90.3
90.6
111.1
105.1
100.0
93.1
93.4
94.1
119.2
114.8
101.6
116.5
97.0
107.7
101.4
94.1
81.4
98.3
98.4
74.4
101.2
76.9
100.2
111.8
92.5
125.2
107.1
79.4
98.3
93.3
100.1
107.6
120.2
101.9
99.8
94.4
87.8
89.2
127.7
82.3
117.7
129.6
135.8
93.7
102.2
105.0
77.2
106.2
94.1
89.1
95.0
111.6
86.4
117.7
114.8
82.6
117.6
96.1
111.9
139.4
116.0
80.9
108.3
97.6
105.6
108.0
115.4
97.6
102.7
97.1
85.6
71.9
109.9
78.7
113.0
70.9
87.4
83.3
95.5
95.8
107.6
106.4
76.8
108.7
80.7
96.0
86.1
85.4
117.5
82.0
129.3
96.3
75.2
111.2
103.8
100.7
84.3
83.0
106.2
72.0
88.2
122.5
113.7
115.8
125.1
117.1
89.3
100.7
97.3
123.1
91.3
86.2
103.4
97.6
106.9
113.9
107.3
88.2
77.5
87.1
118.7
106.6
99.6
137.5
108.7
89.5
110.3
108.9
80.2
87.2
98.7
81.9
104.2
105.5
89.5
71.4
101.1
112.7
76.0
96.7
103.3
106.6
83.9
102.6
106.2
81.6
66.9
134.2
100.3
74.5
97.6
109.4
110.8
102.7
101.5
99.5
92.0
83.4
115.8
117.4
111.3
91.2
109.4
114.5
81.2
100.7
107.7
116.4
87.3
117.5
110.6
107.1
92.9
102.3
102.1
104.4
115.7
81.3
109.8
139.0
101.2
92.0
95.5
118.3
119.5
96.9
88.8
105.6
84.5
116.9
91.3
90.8
87.2
109.4
85.8
92.8
86.0
102.5
94.5
107.2
124.4
109.0
86.5
95.1
116.9
92.0
112.6
99.9
106.6
95.4
90.4
96.4
100.1
94.7
100.0
86.2
119.5
104.8
105.0
102.7
94.6
117.1
122.1
100.5
122.6
109.8
106.8
80.3
83.9
115.5
90.2
105.5
99.4
79.5
84.6
103.5
89.9
96.6
116.2
111.0
104.5
70.4
105.2
88.1
95.2
113.1
80.5
111.7
74.8
107.0
102.7
94.5
81.9
100.6
79.1
112.2
94.8
78.5
91.1
99.9
85.9
107.9
95.7
72.5
85.3
115.9
95.1
91.1
136.1
96.2
106.9
119.3
91.6
117.4
84.2
118.5
88.9
90.6
91.3
86.8
108.3
90.2
105.4
67.9
78.4
96.1
103.2
98.8
102.7
92.2
110.9
94.8
77.0
90.2
113.6
89.3
104.7
143.1
115.4
84.6
99.5
102.3
81.6
127.6
105.6
107.5
76.0
102.3
89.7
89.5
129.1
101.0
72.3
129.9
92.3
73.3
78.5
71.6
84.3
90.3
90.8
98.9
113.9
98.7
89.8
87.0
116.6
84.5
110.1
93.1
88.7
107.9
86.6
110.0
90.1
108.4
89.7
113.6
100.2
77.3
105.0
123.1
109.3
132.0
104.5
111.5
123.5
112.7
90.5
112.4
119.9
108.5
86.6
98.6
104.9
87.6
99.8
64.7
124.6
141.1
91.9
125.0
98.3
104.4
94.5
75.1
99.9
117.7
94.7
83.3
93.2
111.9
97.3
110.8
105.5
121.5
95.7
91.1
91.0
89.7
106.8
98.5
112.2
96.8
114.8
92.0
99.5
83.4
114.7
112.1
104.2
91.9
69.5
81.1
102.1
75.5
123.0
125.3
111.2
95.0
101.0
109.9
117.4
127.1
107.1
96.1
109.1
116.8
114.5
104.4
103.8
95.2
85.5
80.3
90.2
97.1
119.5
91.6
87.4
124.2
98.3
107.7
120.3
79.9
88.8
91.1
98.9
105.1
128.0
107.6
96.9
101.7
106.7
99.0
112.2
88.5
99.6
104.4
107.0
104.2
103.5
96.1
82.6
85.1
85.6
81.4
94.3
129.5
104.4
119.0
113.7
90.1
81.0
92.2
119.1
79.8
106.9
91.8
101.5
110.5
93.9
117.9
77.1
106.3
113.2
94.3
101.9
118.7
95.1
98.1
81.8
135.9
121.2
93.9
111.8
95.3
101.3
108.1
102.2
113.9
88.9
127.8
83.6
125.6
105.0
96.3
69.4
94.6
75.0
83.0
107.8
101.0
103.4
106.9
101.7
104.5
102.3
115.5
78.4
103.7
96.6
103.5
121.3
104.5
79.8
92.6
98.8
88.1
95.9
92.8
69.2
139.0
59.6
102.6
81.5
129.5
83.5
110.9
122.3
98.3
105.7
137.9
126.5
127.8
91.8
102.4
129.6
76.4
92.1
78.6
85.2
80.6
105.1
95.8
109.6
99.0
100.1
111.6
115.4
103.0
96.3
114.6
82.0
91.9
86.1
107.9
102.6
120.7
97.5
112.0
107.1
79.3
100.2
99.8
112.0
121.4
116.0
93.3
98.3
102.1
86.2
102.0
123.9
98.5
115.3
109.5
99.0
119.6
100.8
97.3
120.7
95.3
101.1
120.7
98.7
97.6
94.6
110.6
119.7
108.8
97.6
89.4
106.1
108.7
91.8
70.9
116.1
104.3
87.2
100.4
115.5
104.4
132.6
99.4
117.9
111.7
93.2
112.6
98.0
61.8
84.2
105.2
104.2
60.2
78.2
85.4
121.0
116.4
73.8
88.8
96.2
87.4
68.6
103.3
80.3
88.6
113.6
102.7
114.2
110.0
92.3
82.6
65.5
93.3
121.5
103.2
95.5
65.8
116.4
111.5
79.4
105.3
121.2
106.3
97.7
81.7
104.5
81.4
84.0
108.4
89.9
111.1
73.6
74.9
116.7
69.7
94.3
99.5
124.4
87.3
94.8
114.3
68.4
103.7
93.8
109.6
86.7
82.5
118.2
112.1
95.9
101.6
80.9
86.0
91.6
90.4
90.0
124.1
91.4
102.5
97.9
81.0
87.7
122.4
95.5
102.2
103.4
106.9
105.4
119.4
68.7
113.2
124.0
95.1
83.5
116.2
83.7
121.2
88.7
113.2
102.4
98.7
95.6
91.8
96.4
91.0
106.4
90.1
92.2
97.6
111.8
95.9
98.4
115.7
114.6
96.0
96.6
93.4
103.2
76.0
88.4
102.2
102.4
94.3
86.9
110.1
105.4
94.4
104.3
114.2
104.7
92.1
107.5
96.5
115.8
80.9
125.8
99.1
90.1
85.4
85.3
91.5
104.2
83.8
121.8
119.6
114.5
95.5
106.9
93.4
88.9
109.8
100.5
102.6
90.4
100.7
110.2
114.6
119.9
95.7
103.4
91.9
75.2
120.9
89.1
101.5
87.2
116.8
116.0
120.1
106.9
82.0
112.9
86.1
94.4
109.8
94.4
93.0
101.5
100.7
84.2
68.5
103.8
112.8
97.1
90.4
95.1
118.6
109.2
113.4
89.8
87.2
118.8
109.6
87.5
99.6
130.6
108.0
103.1
141.0
63.3
71.2
70.3
112.5
93.5
115.7
102.6
78.5
106.9
78.7
111.5
103.7
114.9
93.6
119.9
90.2
105.6
78.7
92.9
93.0
100.5
111.0
110.8
94.1
101.3
67.5
85.2
88.9
111.7
80.9
105.7
112.1
89.1
125.1
119.6
97.2
79.1
117.9
91.5
81.3
112.3
114.0
99.3
83.8
107.1
114.7
90.2
92.2
80.3
105.8
95.6
121.9
89.5
75.2
99.2
97.9
95.2
91.9
108.8
137.8
89.5
112.4
116.9
89.1
119.7
110.0
107.3
90.5
91.7
117.3
90.1
81.2
117.6
83.2
123.0
111.2
117.7
109.8
91.7
107.2
93.7
93.2
95.8
116.2
80.5
105.1
91.9
113.7
116.2
103.7
92.2
115.5
89.0
113.9
104.1
81.8
99.6
100.8
106.6
78.3
89.3
108.1
107.5
120.4
84.0
98.6
57.2
102.1
120.9
125.5
108.8
129.0
109.4
115.8
76.5
102.9
90.5
115.1
115.0
99.8
74.0
92.6
116.9
80.6
104.1
87.7
103.6
102.2
88.5
76.2
109.5
97.8
97.9
69.5
92.3
92.0
103.0
98.6
115.1
89.2
106.4
100.5
89.4
91.4
92.5
95.8
94.4
92.0
99.3
111.9
91.1
107.1
100.3
97.4
93.6
94.2
98.1
95.8
113.2
106.2
70.8
107.4
89.1
78.5
84.1
102.1
112.1
71.6
76.3
89.1
121.4
84.6
81.7
92.3
103.2
90.5
81.2
119.6
91.4
86.3
87.1
117.4
101.1
101.3
82.9
106.3
86.4
79.6
94.0
86.0
91.8
68.9
106.9
98.3
139.7
115.5
97.1
75.3
111.0
121.3
88.6
107.4
116.7
89.1
100.8
105.6
99.8
97.8
121.9
100.7
85.8
103.5
112.9
110.7
65.6
120.2
77.0
113.7
82.2
102.5
98.6
107.9
126.6
120.4
74.5
89.0
76.6
85.6
116.8
109.7
66.6
111.9
119.6
102.1
98.8
118.5
102.2
95.1
93.5
98.4
76.7
100.0
78.8
112.6
85.9
95.5
99.6
131.5
113.6
119.9
93.3
117.6
109.1
91.1
113.0
86.1
134.7
76.2
78.6
106.4
113.3
86.2
80.1
89.5
106.2
73.8
123.7
122.1
113.3
92.4
96.3
97.3
91.0
83.5
72.4
81.4
94.9
95.9
93.7
90.7
100.1
115.6
116.7
109.5
100.9
112.5
112.0
79.2
89.9
97.0
84.7
105.2
101.9
116.7
103.1
108.8
108.8
84.8
90.6
115.7
124.7
88.1
96.7
93.8
92.2
98.8
121.4
108.3
104.6
108.5
85.8
124.0
106.0
106.7
97.1
91.9
107.4
88.9
89.3
114.7
115.1
97.8
95.7
61.1
123.8
115.8
117.6
109.1
104.6
121.1
68.5
106.9
81.6
92.0
61.2
137.2
76.3
125.5
112.9
97.9
88.1
120.4
112.5
112.4
103.5
100.1
95.7
111.7
112.5
100.5
100.1
95.2
85.1
120.4
94.9
97.9
79.6
121.6
111.5
86.1
102.5
94.5
106.2
117.3
110.4
103.6
105.3
99.5
132.2
83.2
101.8
108.1
101.2
96.1
93.3
134.5
94.0
109.0
124.5
90.6
118.1
96.7
87.1
70.9
90.0
117.0
109.3
103.9
104.6
117.4
90.2
122.3
87.6
83.2
94.3
86.2
103.5
90.8
93.6
86.4
126.0
92.4
100.4
85.7
119.2
120.8
125.1
96.6
99.9
92.2
83.3
130.0
111.5
103.4
101.2
106.6
87.8
103.8
108.7
107.2
85.2
107.7
92.6
104.1
109.4
99.4
104.0
69.8
99.1
95.9
84.8
100.8
77.5
111.8
67.4
82.5
78.6
84.4
131.1
109.3
73.3
116.4
88.5
88.2
120.2
105.5
116.3
90.6
110.2
76.8
97.0
96.4
90.8
117.0
96.8
95.4
96.9
80.9
101.3
106.5
83.2
104.4
113.2
105.8
103.4
144.8
141.6
116.4
116.2
91.9
113.5
93.6
95.2
95.1
110.6
106.1
91.9
68.7
119.3
113.8
104.5
83.2
81.2
114.0
86.4
68.1
95.2
95.5
81.7
109.8
96.3
106.8
85.1
97.5
97.6
108.5
90.2
124.2
90.5
82.2
88.5
113.8
110.8
109.7
83.2
91.4
107.5
101.2
104.4
103.5
86.1
89.9
146.3
122.9
93.2
92.7
91.0
86.5
92.6
108.8
127.2
81.1
85.3
78.9
83.0
90.6
86.7
90.2
110.1
84.0
82.1
97.2
111.2
106.0
96.9
78.4
122.1
73.8
82.2
85.0
116.2
101.3
99.4
120.8
90.4
97.4
92.2
109.7
93.6
97.8
75.9
95.9
112.7
97.3
105.9
100.6
68.6
76.6
109.8
100.0
83.8
117.6
110.8
118.9
99.3
95.5
81.8
101.0
97.4
126.8
125.8
89.3
93.7
97.7
100.7
103.8
87.4
98.9
89.1
87.1
101.1
83.9
97.9
72.1
100.5
84.2
125.0
83.2
107.0
96.0
108.8
92.6
114.9
110.9
97.1
82.8
104.2
133.9
90.6
104.4
107.6
117.3
101.3
79.1
120.0
88.0
95.0
94.3
96.9
86.7
103.0
79.6
90.7
101.4
100.6
101.9
109.3
96.8
123.3
118.2
82.3
79.7
93.5
110.7
113.9
87.3
88.4
95.7
103.8
111.1
87.3
105.7
92.8
65.3
83.9
120.0
96.1
86.7
108.2
110.2
93.8
121.2
66.2
88.2
103.5
104.9
90.1
89.4
77.3
144.5
112.7
111.2
69.8
99.2
108.2
91.9
86.9
98.2
96.6
103.8
121.7
90.4
97.6
113.9
68.4
105.6
102.0
105.4
98.5
125.5
87.0
100.6
99.3
69.9
87.5
97.7
105.6
84.7
116.3
121.6
87.4
85.8
92.5
113.9
92.0
94.3
77.6
76.0
77.0
109.1
99.6
86.7
112.4
95.0
127.9
92.2
98.7
109.6
87.3
95.7
92.1
93.1
100.2
92.0
128.7
104.2
104.0
84.3
114.5
80.5
86.8
115.6
104.3
111.6
116.0
107.2
74.9
87.6
97.0
108.5
104.5
98.2
109.2
102.4
112.8
105.2
108.4
81.2
128.3
92.4
120.5
106.2
98.8
85.5
83.5
93.3
92.4
105.2
97.5
107.0
108.5
106.3
100.0
84.5
76.1
128.1
93.6
106.3
111.6
109.2
99.2
122.8
87.7
112.7
85.4
111.0
99.2
98.7
88.5
113.2
138.1
104.7
91.1
102.4
109.6
86.9
132.9
81.5
78.9
104.7
66.6
103.4
111.9
109.1
82.5
105.6
105.8
111.2
115.9
108.3
94.0
94.4
78.0
101.9
88.9
105.7
91.4
93.2
81.2
103.6
94.2
100.7
99.9
107.8
101.8
72.8
105.4
102.9
109.5
114.7
108.4
101.0
105.8
102.7
101.4
96.6
96.5
96.1
109.5
109.1
101.8
97.2
88.9
76.8
104.9
97.9
109.9
126.4
124.1
99.6
106.6
102.3
106.2
114.0
96.5
92.4
92.7
99.3
120.4
119.3
103.6
96.5
81.6
110.5
92.2
95.7
58.6
109.8
124.1
99.0
96.6
118.0
124.1
71.3
100.2
94.2
120.3
105.4
91.1
96.2
122.4
107.7
90.1
107.1
126.2
93.1
121.5
97.2
93.7
88.5
90.4
112.3
84.5
88.2
103.1
98.5
91.7
89.3
134.1
104.6
98.4
82.4
88.5
116.7
84.1
90.4
100.8
133.7
73.3
126.6
97.9
128.6
126.8
101.5
100.9
66.9
74.5
107.9
99.6
81.1
93.9
82.0
93.2
84.1
123.7
83.6
88.9
97.2
92.2
88.6
94.8
106.8
83.8
92.9
84.8
118.9
115.2
116.5
95.8
117.7
110.6
110.6
70.3
112.9
101.1
73.7
123.2
97.2
98.0
119.7
133.4
121.6
106.6
101.3
86.2
102.9
89.0
84.6
98.2
105.2
62.6
91.3
98.3
105.6
87.7
97.4
75.8
107.3
113.4
73.3
110.1
129.0
107.8
129.2
82.5
95.1
101.8
94.1
105.3
113.1
132.1
77.9
83.8
73.7
102.5
94.0
79.3
95.2
93.5
109.5
73.3
61.2
64.1
108.0
90.9
99.5
84.6
89.0
95.2
103.0
116.5
91.8
84.0
96.9
97.8
87.2
104.8
108.2
69.6
113.2
107.3
89.3
111.5
101.7
88.7
105.8
100.0
88.7
92.2
92.9
113.4
95.6
112.8
115.5
82.8
87.5
95.1
99.1
82.6
93.5
79.5
116.7
80.6
97.0
116.2
79.0
117.1
108.9
80.4
108.7
88.0
109.6
109.0
89.1
97.3
105.0
73.2
90.0
106.8
70.2
100.1
77.8
75.0
96.0
115.9
103.8
65.7
109.5
100.7
97.1
90.0
106.6
110.9
127.8
103.4
96.6
109.2
87.0
96.7
91.7
81.5
108.7
111.2
106.8
84.3
103.3
80.8
99.9
115.2
94.8
95.0
120.9
103.3
102.0
105.2
107.4
116.3
104.2
95.1
108.3
104.5
98.4
90.4
98.8
97.9
125.9
91.3
84.7
74.2
119.7
108.7
80.2
83.1
97.2
110.1
77.2
95.1
92.4
94.6
88.8
105.6
100.5
84.4
109.2
103.4
82.1
105.9
104.3
57.4
122.7
72.0
114.9
93.7
86.1
81.6
92.0
90.2
82.2
100.8
114.4
108.2
116.5
91.1
63.6
95.7
125.0
100.5
107.9
101.1
77.9
89.1
72.9
78.6
118.0
122.0
106.5
82.8
120.9
90.5
124.7
86.6
103.9
122.6
103.0
89.9
105.0
106.1
90.8
100.5
89.0
103.7
126.2
91.2
97.2
106.7
100.8
120.3
91.7
101.7
97.6
83.4
101.4
93.2
112.1
97.5
94.5
126.1
107.7
102.6
87.6
90.1
88.3
88.0
116.3
117.1
103.4
98.8
122.6
106.8
109.8
78.0
109.2
72.4
109.1
93.8
105.3
66.4
106.8
98.3
128.4
108.3
91.2
98.9
97.2
87.8
94.3
106.7
103.3
94.9
89.0
80.1
86.5
111.8
93.6
121.9
108.9
116.7
111.3
63.8
120.3
90.5
79.0
77.9
56.0
97.0
114.5
104.3
93.8
93.2
85.5
110.7
95.0
79.5
113.3
64.1
106.9
113.2
85.4
112.7
94.7
92.2
95.7
129.4
106.9
93.6
100.9
88.5
95.5
108.1
112.3
101.0
88.6
96.9
78.3
91.2
83.1
93.0
104.9
96.2
104.4
105.4
98.8
114.4
73.8
116.4
102.8
118.4
81.4
123.6
99.9
103.7
101.2
89.0
107.3
88.6
88.5
83.5
93.3
111.6
112.5
78.3
112.2
93.2
101.3
102.9
83.6
99.5
122.4
136.8
95.1
105.0
104.4
110.9
81.2
107.4
108.0
115.2
97.5
103.6
113.1
101.1
120.4
101.0
96.9
101.0
95.1
89.8
113.2
104.9
94.4
85.8
76.1
106.8
75.3
104.9
93.8
92.1
83.7
99.2
88.0
91.6
104.8
125.1
103.8
115.4
83.6
100.5
103.8
148.4
126.0
99.9
92.2
87.5
81.3
73.3
106.8
96.7
73.2
88.8
88.8
100.4
82.6
92.1
83.1
115.5
137.8
106.9
100.8
106.4
79.3
116.6
78.5
96.1
91.1
101.2
109.2
91.9
104.4
85.4
91.2
107.7
69.9
103.3
115.4
96.3
96.2
95.9
92.5
69.3
96.4
99.3
65.9
79.7
80.5
101.9
100.8
96.7
103.3
118.1
90.3
92.5
100.6
110.6
92.6
108.5
101.3
90.0
104.3
110.7
84.2
108.3
94.4
103.5
89.2
94.6
93.9
101.7
102.9
100.3
104.4
71.8
97.0
63.3
120.3
92.9
117.1
95.1
83.3
96.2
87.8
122.6
112.1
122.2
97.8
80.2
113.4
79.0
105.7
103.6
89.6
97.5
99.6
93.0
103.3
95.5
112.5
99.8
104.1
117.3
102.0
105.8
95.4
128.6
90.5
106.1
97.8
103.1
107.8
90.0
91.3
97.4
89.2
107.1
75.9
99.6
96.3
102.1
125.9
107.6
129.9
107.8
101.1
106.9
100.1
124.9
103.0
107.6
130.1
108.1
84.7
74.9
109.9
100.6
94.8
111.2
95.8
72.2
116.8
103.5
107.3
103.9
111.2
111.6
68.9
105.5
116.5
113.1
120.1
101.2
97.4
103.2
86.2
89.0
117.0
110.7
114.9
94.2
80.9
74.1
99.7
103.6
85.7
104.7
82.1
90.4
90.1
121.5
98.9
111.7
104.5
76.6
81.9
94.8
106.4
118.9
113.9
93.6
95.7
127.7
128.5
134.6
91.1
97.0
115.1
98.3
86.4
113.8
102.4
81.7
152.3
95.8
100.1
97.2
104.3
121.6
92.9
121.7
109.6
108.2
65.1
104.6
89.8
91.7
109.7
107.0
123.7
76.8
92.7
106.6
110.3
119.7
77.4
97.0
83.9
94.5
137.0
93.1
90.8
117.7
86.3
76.3
117.5
111.8
108.7
71.0
92.0
101.3
81.6
78.1
110.5
61.8
83.2
105.5
106.1
104.7
121.5
113.8
101.9
106.6
108.1
89.3
100.1
94.2
80.8
128.4
95.0
99.5
98.6
112.1
101.6
99.1
114.4
110.8
81.7
100.7
95.1
101.6
96.2
97.6
105.1
132.8
118.9
131.6
90.2
115.0
99.0
112.6
76.1
128.6
93.4
91.7
111.6
112.6
113.3
146.7
100.8
69.2
99.4
123.2
99.2
103.9
104.1
96.3
86.7
116.9
103.4
108.1
95.3
76.2
122.4
92.7
86.1
107.4
99.4
121.2
106.3
100.9
105.7
98.1
98.7
107.8
87.1
112.1
94.1
107.3
81.8
107.7
110.8
63.3
143.3
88.5
104.8
98.7
95.1
102.5
130.6
94.4
90.4
94.2
93.8
122.8
93.5
103.3
97.0
97.3
143.8
104.7
116.7
99.0
98.9
98.6
105.7
91.8
132.7
92.5
91.7
116.3
105.3
84.3
120.9
101.7
90.3
91.6
114.4
120.3
94.7
108.0
90.7
68.7
110.8
101.7
81.9
90.7
110.9
84.9
103.6
107.4
101.0
89.8
111.0
123.8
120.2
77.8
82.1
81.2
95.7
107.2
93.4
115.9
116.6
134.0
88.1
96.9
93.8
96.7
100.8
93.4
101.6
96.5
90.8
100.5
67.8
96.8
86.0
111.0
79.6
86.5
120.6
139.9
114.0
116.3
120.9
85.7
111.8
86.4
85.6
75.7
76.3
108.6
81.4
89.9
109.8
116.1
104.1
93.5
82.0
132.7
103.0
122.2
101.0
130.4
96.2
87.1
108.1
95.8
70.9
111.0
126.9
136.9
93.9
89.4
109.5
120.5
149.4
113.5
91.9
99.5
99.4
107.3
103.5
122.9
84.2
100.6
91.2
86.8
120.4
76.6
105.1
98.2
74.9
90.0
81.4
99.8
64.1
81.3
108.2
120.9
118.9
86.8
101.0
69.1
118.3
100.4
87.4
102.3
72.3
104.8
112.5
98.0
115.7
99.8
95.8
110.3
96.5
101.7
119.3
107.9
97.0
77.6
98.4
86.9
111.4
80.5
107.3
80.8
89.4
104.1
101.5
116.6
94.0
105.8
89.7
75.9
93.0
84.0
75.8
76.3
81.3
92.3
119.1
99.6
97.3
95.7
79.7
107.2
76.5
91.5
100.2
87.5
63.6
81.0
96.2
116.5
120.8
89.0
102.3
105.8
101.5
98.0
124.4
107.1
107.3
129.7
85.3
77.4
121.8
96.0
81.0
99.2
109.4
132.1
78.4
71.0
93.3
89.2
85.8
96.1
77.9
114.2
148.0
83.3
111.3
88.9
86.2
84.9
119.6
107.0
127.6
98.2
124.8
116.8
99.7
81.0
78.6
84.6
80.2
92.3
105.3
105.6
92.2
117.2
119.9
88.0
91.6
85.7
75.8
75.9
97.8
100.6
81.5
130.3
106.6
113.3
90.8
105.1
98.8
116.4
89.6
139.4
92.4
102.3
105.9
87.5
121.7
89.2
101.5
116.5
106.3
94.2
101.3
105.6
117.0
124.9
96.3
105.1
79.4
86.9
102.6
92.6
88.1
93.4
115.4
93.5
100.1
78.1
107.1
99.1
95.4
80.8
119.3
84.7
76.8
68.0
95.5
104.1
94.5
101.6
116.4
102.7
104.8
73.9
110.5
100.3
112.4
73.7
88.7
92.5
123.7
88.7
78.7
83.5
109.6
104.5
113.7
100.9
103.7
102.1
81.1
85.5
91.5
88.8
104.4
88.7
97.0
116.8
98.6
106.1
101.5
101.6
101.2
88.7
98.8
98.5
98.5
103.9
127.5
101.2
90.7
101.4
109.2
84.7
60.1
94.8
118.5
82.3
103.5
102.8
75.1
100.2
77.9
99.6
117.5
69.4
94.2
96.8
94.2
122.5
83.1
96.8
152.2
99.6
95.4
109.1
105.5
104.1
88.4
87.7
94.3
89.2
105.2
121.0
99.5
99.7
91.6
100.4
92.1
74.8
109.0
105.4
115.1
87.3
95.0
104.5
82.4
84.0
101.1
105.9
119.4
107.4
83.3
115.6
103.3
91.7
102.8
61.2
82.9
92.5
81.5
126.9
65.9
96.5
113.5
96.2
92.8
103.1
92.3
104.9
119.3
93.5
86.2
111.8
140.3
82.5
86.8
72.6
139.7
128.2
90.9
96.4
140.3
102.1
109.5
94.9
113.0
95.7
92.0
111.8
89.4
92.4
90.0
104.6
110.9
141.9
96.3
118.4
96.4
70.6
95.3
108.7
99.5
75.0
107.8
106.2
82.3
116.7
117.9
76.8
107.4
106.7
110.1
89.8
146.5
106.0
88.1
91.9
89.4
93.7
107.9
98.2
107.0
121.4
91.1
136.2
113.1
80.9
107.2
85.1
93.6
100.5
121.6
79.9
89.4
96.1
86.7
110.5
84.4
76.8
135.9
110.6
93.2
100.0
91.7
98.0
105.2
109.2
114.8
111.2
121.0
90.6
101.0
136.3
100.5
85.7
120.3
77.7
98.3
96.2
98.2
110.4
111.7
114.6
86.7
117.9
106.0
72.5
110.7
93.9
78.5
74.3
88.7
74.7
101.4
77.5
100.0
90.7
130.1
103.2
79.6
96.9
94.7
125.7
100.9
96.8
106.0
115.1
95.2
87.7
106.8
124.6
113.7
120.4
90.9
88.0
97.8
100.4
95.8
86.8
109.6
97.0
84.5
80.9
111.3
84.2
118.2
74.7
97.3
105.6
98.4
98.0
110.4
118.4
78.7
97.7
89.7
109.7
78.3
83.1
93.0
128.3
111.8
82.7
98.3
122.6
91.2
93.6
83.4
112.7
92.5
90.8
80.0
91.1
79.8
82.9
106.1
89.0
113.5
100.8
118.7
101.0
96.4
104.6
123.8
103.6
95.9
88.3
116.6
90.6
75.6
80.3
82.0
71.5
106.2
113.5
111.3
91.0
91.8
106.6
127.9
93.2
92.3
128.8
83.2
116.6
112.6
115.2
112.8
82.1
83.8
111.0
100.4
70.9
105.0
117.3
97.3
118.2
100.0
114.9
119.7
148.8
109.3
89.1
96.8
95.3
92.6
100.9
116.8
140.0
90.1
100.6
110.9
91.4
91.7
91.3
105.5
110.4
96.2
124.2
113.2
85.1
83.9
104.9
111.9
98.3
108.0
101.3
87.1
71.6
96.7
99.2
69.5
127.5
114.6
93.6
95.5
108.8
99.4
108.6
109.3
118.1
122.1
100.0
90.3
127.4
122.0
100.5
72.4
125.2
83.6
56.7
87.2
86.8
60.1
122.8
67.6
111.5
97.3
102.0
80.8
97.3
108.7
103.3
88.0
101.6
112.7
101.2
94.5
118.2
102.8
87.6
89.0
97.6
118.8
84.7
85.5
101.1
87.8
86.4
90.7
95.1
94.9
121.9
119.5
95.8
102.0
114.5
96.3
114.6
90.2
79.8
98.8
127.8
88.5
110.6
103.0
100.4
89.6
97.6
100.6
123.7
126.3
115.5
115.5
94.2
99.9
101.9
58.9
92.9
114.9
100.7
88.1
99.8
96.0
90.5
72.0
104.1
63.6
108.0
79.4
78.9
88.4
116.5
107.1
93.2
85.3
98.1
92.9
112.3
115.8
118.5
107.6
98.3
101.5
107.3
96.2
109.3
95.4
98.9
103.2
79.4
90.6
97.2
96.4
82.2
75.1
89.2
78.4
113.9
78.6
99.5
86.1
87.9
99.7
130.1
74.1
95.0
99.4
64.2
124.7
94.7
86.9
90.7
102.7
114.6
114.3
115.9
84.7
118.1
106.7
91.4
101.6
99.2
94.6
72.5
100.5
97.1
113.1
102.0
104.7
99.1
125.8
115.9
97.4
105.3
100.9
82.0
80.1
96.1
109.2
88.7
135.0
82.8
100.9
85.1
115.2
103.1
110.4
114.0
95.1
119.1
110.2
107.4
97.0
116.5
113.9
97.1
103.7
97.9
96.1
116.3
109.3
81.8
73.5
89.0
114.4
103.5
92.2
102.0
110.4
101.5
93.6
96.2
97.0
104.1
91.5
62.3
100.1
121.9
86.8
91.4
146.6
93.1
107.6
102.9
107.5
97.8
118.1
95.5
105.9
78.9
81.4
76.7
128.5
85.5
118.2
91.7
89.7
105.9
116.7
113.6
102.2
108.4
98.9
66.3
79.6
91.4
86.1
104.2
106.4
101.8
105.1
97.8
119.0
122.2
74.8
111.6
103.6
127.5
87.5
104.1
106.0
100.5
111.9
87.1
80.8
88.3
115.7
88.4
99.9
140.5
109.9
104.3
98.3
108.6
95.1
92.2
84.6
83.5
73.3
108.6
62.9
105.1
92.3
126.5
107.5
90.9
107.6
124.1
114.5
108.6
98.8
125.7
97.2
85.3
109.5
103.9
97.5
87.0
83.1
91.1
121.6
92.6
81.4
97.7
87.9
94.5
76.3
103.2
116.1
121.8
93.9
118.7
102.1
75.5
103.8
101.1
97.1
74.9
98.4
92.4
94.2
115.7
102.8
125.9
96.9
89.0
110.3
108.3
98.6
108.8
111.5
94.0
109.6
109.1
113.8
116.5
114.6
116.5
75.8
88.4
103.3
112.5
73.2
113.5
91.0
113.8
108.0
130.4
109.7
76.5
89.9
105.2
127.7
103.4
129.1
102.5
106.2
111.7
131.3
111.1
101.1
115.9
102.5
87.0
113.5
102.7
85.9
107.1
72.1
81.8
96.4
120.1
101.0
94.8
82.1
121.2
85.4
116.2
116.8
75.4
115.6
102.1
108.3
85.5
120.0
121.8
79.2
99.6
94.4
105.0
86.1
109.6
98.3
114.3
82.2
104.4
105.2
105.5
112.1
113.2
104.6
87.1
92.0
89.9
91.1
130.6
113.5
79.9
109.9
114.3
93.1
115.4
87.5
119.3
89.3
106.5
106.4
111.3
105.2
103.8
125.4
88.0
110.5
72.3
92.6
100.7
120.2
53.9
111.8
76.2
133.2
112.7
117.6
81.0
103.0
106.1
112.2
77.6
109.7
106.0
101.4
79.0
84.2
112.9
88.3
99.1
115.7
98.9
104.0
123.9
101.1
115.4
91.7
74.9
109.1
77.4
84.8
80.5
105.8
92.7
103.5
127.0
76.8
93.0
81.3
130.2
121.1
85.6
118.5
116.1
108.5
69.7
110.8
118.9
73.0
121.5
109.7
87.5
74.3
126.6
127.0
131.6
109.6
117.6
100.6
83.1
119.0
77.4
114.5
114.2
105.3
92.6
128.5
120.0
91.6
100.1
76.9
113.3
86.4
80.2
113.0
115.3
101.6
87.0
102.9
82.4
99.1
92.6
110.1
92.9
102.1
80.3
105.3
90.4
110.2
88.1
114.9
105.1
82.5
73.4
99.7
101.6
76.9
109.7
88.7
106.3
94.2
77.1
79.1
93.8
103.9
110.0
98.0
92.7
87.3
112.9
128.2
101.1
70.2
92.4
125.4
81.0
88.5
108.3
125.3
96.1
103.9
123.2
80.6
97.5
99.0
90.3
118.2
121.3
52.2
118.0
104.3
100.0
114.1
99.5
111.7
126.4
74.6
130.8
87.1
110.6
88.1
105.9
94.4
82.4
109.8
102.8
99.6
109.4
90.5
106.7
103.6
107.8
106.1
92.9
101.5
91.6
120.9
102.2
113.9
94.8
144.0
95.4
105.1
103.2
106.1
78.4
121.7
107.4
90.4
114.5
86.3
103.8
97.0
122.7
97.7
89.4
93.8
124.4
58.7
100.4
86.6
91.3
70.1
98.9
98.7
66.6
98.4
84.0
79.4
88.5
113.6
89.9
101.4
63.8
93.4
84.0
92.7
113.8
84.3
89.4
102.9
111.5
100.0
93.0
82.6
105.7
80.0
101.3
99.9
101.1
121.1
92.8
92.0
108.8
70.0
90.4
98.6
103.0
92.0
93.4
95.9
116.6
102.3
88.7
74.7
96.6
97.0
121.5
65.8
122.5
108.7
97.3
101.4
92.7
71.2
112.4
91.3
88.8
89.6
86.8
105.1
104.0
98.3
140.9
79.4
99.4
88.6
105.7
105.9
119.6
96.6
111.6
132.5
99.5
109.7
90.2
85.7
98.9
127.1
92.0
112.8
108.1
115.2
107.3
83.0
79.1
107.9
106.6
95.0
106.3
94.9
88.7
109.0
120.9
92.6
78.0
93.5
72.8
95.9
94.3
104.7
85.5
110.7
99.0
119.7
79.2
86.1
89.7
113.9
90.7
129.5
89.4
94.8
81.1
123.6
115.6
103.4
90.5
113.4
96.6
82.8
107.0
76.7
99.5
100.4
138.2
69.7
92.5
86.7
125.4
102.5
105.7
111.0
100.7
76.3
86.8
91.3
115.0
106.9
78.7
120.9
124.3
104.4
85.9
97.9
82.6
92.4
96.7
105.8
94.8
103.9
104.2
116.7
114.4
98.5
100.6
89.7
82.9
108.2
108.1
119.6
101.5
87.1
90.6
83.5
103.5
82.8
98.0
81.4
96.1
88.9
100.5
90.6
93.6
69.5
81.6
78.1
78.8
73.6
95.6
82.3
92.4
99.2
101.8
108.0
93.1
125.3
99.1
122.4
116.8
95.6
119.3
112.6
64.6
99.8
67.7
114.3
94.1
90.8
120.6
86.4
83.9
103.5
117.0
87.4
95.6
99.8
98.6
100.4
79.7
90.7
108.5
115.7
91.6
106.7
119.6
118.4
78.7
98.6
116.2
116.1
86.3
100.4
85.6
97.0
98.6
89.7
107.5
95.3
82.8
109.1
82.2
84.1
111.1
80.9
109.2
90.3
86.5
102.9
112.7
126.8
129.7
95.7
102.5
90.6
92.7
127.4
94.8
80.9
92.7
101.6
95.4
63.5
119.5
112.0
103.0
94.0
96.1
90.8
112.0
121.0
87.5
111.3
87.8
96.9
130.6
88.4
117.7
120.8
86.4
97.1
96.9
83.9
61.8
101.2
126.7
97.2
102.7
100.4
81.0
71.5
102.7
90.5
100.4
85.7
86.1
71.8
80.6
113.4
67.0
95.0
111.4
99.9
111.7
92.8
103.4
111.4
87.3
115.4
88.7
78.6
105.7
109.3
120.5
86.7
91.2
110.4
102.6
110.7
127.0
73.8
89.7
124.0
110.3
100.2
80.5
107.9
117.0
112.0
104.7
112.0
138.7
94.6
99.5
86.1
107.4
98.3
79.4
86.3
109.8
103.0
82.2
89.2
110.5
104.0
104.8
104.7
99.6
120.0
89.2
112.0
90.7
90.2
99.2
79.8
103.0
99.1
135.3
93.3
116.0
102.1
94.9
120.4
103.0
98.2
102.7
79.0
103.0
116.5
98.7
99.9
99.4
93.1
112.4
106.4
107.8
122.1
140.5
104.9
85.7
87.9
124.4
102.3
107.1
111.6
78.2
89.3
88.6
109.7
89.3
91.6
108.6
120.4
66.0
110.1
129.5
106.4
81.0
72.8
105.0
95.4
118.5
82.7
82.6
110.3
71.3
92.0
84.7
104.2
106.3
120.1
92.6
87.9
86.2
118.9
120.3
113.0
97.9
110.5
112.9
89.0
102.4
83.8
87.1
120.0
69.2
100.6
106.6
94.2
93.0
87.9
114.5
86.2
107.8
128.6
130.0
60.0
89.9
86.2
101.4
78.4
100.8
56.6
83.5
105.1
89.3
104.4
88.1
111.0
133.4
85.9
77.9
114.0
110.2
92.8
109.6
90.6
101.7
101.1
110.3
84.5
108.2
109.1
108.1
114.0
89.8
113.3
84.6
99.0
56.2
124.6
107.2
103.6
114.0
118.0
90.7
98.7
107.0
112.4
120.1
99.9
109.2
93.6
91.4
106.7
99.5
98.0
92.7
67.4
89.8
105.6
89.8
101.9
79.8
100.4
112.8
115.1
115.9
100.6
117.1
85.2
106.9
114.1
97.7
86.8
118.1
75.1
99.7
95.7
68.1
104.3
77.1
94.5
119.6
130.6
112.3
119.0
103.1
123.3
136.8
98.1
90.0
76.3
85.9
74.2
119.7
78.4
121.9
100.3
143.9
129.5
101.9
92.5
88.7
97.6
97.8
99.5
112.5
105.7
101.2
94.3
104.9
88.3
134.4
92.0
95.7
94.7
99.9
108.0
96.2
98.3
86.9
80.1
92.3
80.6
92.0
112.2
100.9
132.9
97.2
99.0
87.7
93.4
114.4
104.2
91.3
88.1
98.7
85.9
98.5
90.8
96.8
105.8
109.7
104.4
88.1
87.3
95.1
103.7
93.8
93.7
119.9
100.3
94.7
92.4
84.4
87.0
74.8
95.9
93.9
117.2
106.0
75.1
112.0
109.5
106.1
105.3
75.1
78.6
99.3
85.8
101.2
132.0
91.7
109.5
126.5
101.1
90.8
89.8
100.9
108.6
124.7
111.8
123.7
102.0
111.7
115.3
105.8
45.6
105.9
106.4
93.8
102.3
98.4
114.6
90.2
82.2
72.5
104.5
112.5
90.1
104.4
101.7
84.4
96.3
97.8
124.2
108.1
107.4
115.9
107.2
100.9
110.2
84.6
134.5
106.7
113.3
115.8
81.1
117.2
96.6
70.2
98.2
103.3
97.5
101.4
78.4
98.1
120.4
107.7
88.8
114.1
104.1
94.0
107.2
77.0
106.7
99.9
99.0
92.8
125.4
93.8
112.9
80.6
101.8
90.7
87.3
109.4
104.5
92.9
116.6
98.7
89.6
97.5
109.6
104.9
106.3
105.4
104.3
118.2
108.4
115.1
103.7
78.0
99.2
100.5
108.8
136.9
111.8
98.0
94.7
107.6
108.9
94.9
98.3
89.7
133.0
101.3
124.4
92.2
114.4
102.2
112.1
73.2
60.4
109.5
99.0
108.6
114.8
85.9
102.9
92.9
98.4
79.3
85.5
88.4
119.2
101.6
121.8
102.3
91.5
108.6
97.5
118.3
89.0
91.8
85.2
93.6
121.4
122.2
91.0
108.8
105.8
119.7
83.6
93.5
101.0
85.0
132.7
102.2
88.6
88.5
107.0
110.7
85.8
111.3
91.0
72.6
87.4
114.7
105.4
93.3
82.8
103.7
111.3
110.1
83.9
97.7
81.2
107.3
106.8
106.1
63.5
116.0
95.0
107.7
118.4
112.1
89.5
93.6
90.7
79.8
93.0
91.0
90.1
84.3
112.2
104.6
109.2
114.3
101.5
58.0
105.3
83.7
86.7
117.9
100.1
114.0
94.5
99.8
107.5
95.5
102.9
94.0
99.0
105.5
95.5
103.4
76.2
89.6
91.5
107.8
95.8
104.7
88.8
117.1
85.2
73.5
98.1
89.2
98.5
109.0
108.4
89.9
83.7
84.7
85.5
100.5
99.2
115.2
90.0
142.3
106.2
111.0
113.0
116.9
79.3
110.4
145.1
83.0
129.0
113.2
103.1
93.0
95.5
92.0
117.0
90.5
84.8
112.4
104.1
108.0
76.4
72.9
115.6
92.6
122.5
102.2
97.9
106.6
104.1
103.1
104.8
135.7
82.0
120.4
91.5
68.9
87.7
100.4
120.4
107.0
100.8
102.0
99.0
111.5
115.8
95.5
101.7
107.2
98.1
91.7
100.5
107.5
107.4
105.3
100.9
101.4
110.0
103.5
98.2
118.1
126.0
95.1
119.9
100.2
95.1
93.0
128.8
76.2
103.0
75.4
91.6
111.8
86.9
89.3
102.6
110.3
96.9
90.6
132.9
103.5
109.9
116.6
104.5
98.8
134.9
104.6
117.8
70.9
97.8
100.0
76.5
99.0
91.5
102.4
93.6
103.0
93.7
109.1
105.3
95.4
97.7
92.3
97.1
81.1
82.0
110.7
118.3
105.0
108.8
54.4
102.3
116.2
112.8
108.7
95.9
112.1
97.3
108.5
77.4
116.2
124.4
89.4
71.8
99.2
97.7
75.8
99.0
90.0
69.1
116.4
122.3
77.9
129.7
102.3
98.1
116.7
89.2
117.6
102.7
98.9
99.9
113.0
85.8
107.1
111.0
108.7
111.8
97.1
100.8
115.1
82.2
92.0
128.2
70.1
122.4
107.3
87.0
81.8
72.1
88.2
112.3
99.4
94.7
89.6
109.6
90.4
81.0
92.2
119.8
113.6
135.8
110.9
80.4
97.6
96.7
84.1
140.5
104.0
110.8
132.6
127.5
102.3
77.3
89.8
97.2
100.0
126.0
122.5
105.4
88.4
114.1
108.4
106.3
93.6
116.2
99.7
101.7
80.9
121.1
92.5
127.0
80.3
84.6
109.1
91.1
88.5
107.3
112.4
86.3
87.3
126.3
95.4
109.5
100.6
101.8
103.4
100.3
114.3
90.4
108.3
94.0
108.7
109.3
109.7
90.5
98.9
106.4
117.2
97.1
107.2
95.8
95.3
102.4
116.7
77.5
108.4
101.5
83.9
109.1
75.7
92.0
96.3
105.6
92.8
102.2
92.5
82.2
78.7
118.5
104.6
83.9
96.0
111.6
89.9
101.0
123.7
105.3
89.0
88.7
109.6
95.1
89.6
97.3
93.2
106.0
137.4
84.2
115.0
90.9
91.2
135.5
110.3
130.6
114.1
102.8
78.9
122.0
110.6
115.2
78.3
100.2
101.5
106.4
84.0
80.6
109.7
105.2
126.1
106.3
88.0
93.7
101.6
87.4
111.1
99.7
108.5
82.0
113.1
111.5
86.9
92.7
80.3
84.0
115.4
91.8
117.7
96.1
103.6
142.6
135.0
99.3
65.3
87.5
101.6
113.2
114.4
75.9
87.4
96.7
63.0
135.1
78.3
81.4
85.2
89.7
89.2
104.7
104.9
87.7
114.0
98.7
68.7
105.0
114.1
85.6
85.1
102.8
99.2
108.0
140.6
63.0
106.1
78.7
117.8
74.0
87.0
99.0
105.1
108.5
140.1
103.4
112.5
84.3
98.6
97.6
105.1
98.5
94.7
81.3
108.8
97.1
104.4
104.6
110.9
119.1
105.9
63.9
102.7
116.3
97.4
121.5
106.8
127.1
118.2
120.1
112.4
115.5
138.2
115.2
92.8
83.9
93.4
86.7
105.4
103.2
82.7
77.9
102.6
107.3
87.2
90.8
105.9
103.1
98.3
86.8
90.4
131.9
81.2
119.9
100.1
113.1
102.6
112.2
94.8
111.1
84.8
105.2
81.4
86.2
101.3
108.1
91.4
103.2
122.0
83.8
108.8
98.1
55.3
79.9
96.4
106.7
121.3
107.6
99.9
105.7
106.5
95.1
97.4
92.3
121.2
117.5
118.4
107.9
98.8
94.6
102.1
107.0
108.2
114.6
144.5
113.0
100.8
87.8
98.7
87.8
82.2
109.6
113.8
105.4
96.0
106.6
108.0
97.5
80.7
100.4
109.7
103.5
109.1
102.0
88.8
88.6
88.7
109.4
71.9
127.2
98.1
78.3
120.5
82.1
68.1
109.7
122.4
98.8
85.2
110.5
105.8
103.7
83.7
74.8
97.8
130.8
80.8
100.8
104.0
113.4
84.2
76.5
85.9
85.1
79.3
99.9
117.9
87.5
64.3
96.7
76.6
67.2
98.6
89.0
94.8
106.7
76.7
121.2
108.1
85.5
85.5
109.2
99.4
114.4
101.4
96.2
82.2
79.1
98.5
113.1
90.9
104.5
88.6
88.0
96.5
95.1
105.4
78.5
97.2
88.2
89.7
108.8
113.8
101.9
108.6
110.3
120.9
77.9
85.3
82.4
97.5
93.0
87.3
104.4
113.4
108.1
81.2
100.3
95.5
97.0
114.3
104.6
113.4
94.0
78.1
108.1
114.6
108.5
83.0
89.2
100.4
83.3
102.1
108.0
94.5
66.0
91.0
96.1
99.9
84.8
108.6
80.8
94.4
96.3
93.9
72.8
101.5
84.2
90.2
104.9
89.5
84.7
104.0
103.5
101.9
104.3
97.7
98.3
92.1
121.4
89.1
93.6
85.7
82.6
88.2
100.0
114.0
127.4
99.5
100.2
67.2
95.9
111.5
98.6
74.9
103.2
102.0
79.5
113.6
109.6
89.1
109.6
81.5
91.6
110.3
97.1
120.6
106.3
96.1
107.2
105.4
121.5
97.9
107.2
88.8
98.3
113.7
110.4
112.2
64.3
143.8
100.1
96.6
90.5
95.7
110.5
90.0
97.0
95.3
104.6
115.6
93.0
94.5
116.4
111.7
84.9
105.3
89.3
90.4
69.4
95.9
105.1
74.5
93.9
91.3
117.2
93.4
118.4
86.3
121.2
114.6
111.5
121.2
100.2
107.1
88.0
88.6
124.3
105.5
86.5
108.5
119.3
64.4
93.5
140.1
86.1
123.4
116.4
73.3
130.3
105.5
102.1
101.9
115.1
79.3
100.4
90.8
91.6
81.8
99.7
121.3
97.3
111.5
94.3
95.2
106.2
86.8
89.2
91.8
131.1
103.7
115.1
136.5
92.0
95.5
136.9
126.4
91.5
123.5
97.4
79.3
90.5
104.8
91.1
115.3
108.7
98.4
103.0
109.2
109.6
98.0
101.6
94.6
112.3
108.9
96.3
88.1
133.9
106.5
88.1
94.9
98.2
88.5
111.5
95.5
93.6
84.4
90.6
111.3
91.9
109.3
108.5
101.2
72.1
64.1
76.7
103.8
82.1
111.2
91.8
120.0
100.8
115.1
94.0
103.9
114.8
89.2
123.9
104.7
100.1
99.1
119.6
87.7
87.3
133.9
105.2
98.3
109.8
80.8
99.9
97.3
111.0
95.8
94.5
92.9
98.3
85.5
93.7
112.6
103.3
105.7
91.3
88.5
115.4
98.7
110.1
84.7
132.6
97.9
109.6
103.0
115.7
103.4
116.5
64.5
110.6
86.0
110.3
83.7
106.1
101.9
108.2
110.3
85.8
99.2
144.1
117.4
121.8
116.0
99.3
104.7
88.5
101.7
96.1
107.6
95.6
103.5
88.0
93.5
98.4
104.1
104.2
113.5
111.5
114.5
87.3
87.3
129.0
83.1
67.5
87.6
111.1
81.3
108.7
104.5
114.0
103.7
117.3
125.7
136.0
77.1
103.9
114.1
117.3
125.3
80.7
110.3
94.2
80.3
85.5
98.9
99.8
102.6
107.9
109.3
132.9
102.2
95.3
82.4
94.1
89.3
93.1
60.1
78.9
117.5
107.2
125.6
82.9
72.2
139.9
116.6
97.8
106.8
93.9
88.4
100.2
92.2
102.9
91.4
129.7
110.2
105.2
95.0
96.5
90.4
75.4
120.0
99.6
111.2
64.8
105.6
127.5
105.0
123.6
114.9
135.2
92.4
100.5
95.2
93.4
92.0
101.4
92.6
110.6
86.6
93.6
84.9
88.9
107.2
80.9
102.7
78.2
94.5
99.8
107.7
99.2
131.0
101.0
109.3
111.5
101.4
96.1
117.4
93.0
95.9
69.6
79.8
129.3
111.4
98.1
92.5
131.6
110.1
99.4
90.4
120.2
83.5
110.1
75.6
87.3
79.8
88.6
102.6
83.7
78.4
94.7
103.2
83.0
104.8
87.8
92.0
83.4
95.9
116.5
107.9
89.6
104.4
98.3
107.3
126.3
88.5
102.4
102.1
122.2
108.1
81.8
111.5
94.6
128.2
92.9
120.5
97.9
100.5
91.6
93.3
89.6
93.1
84.2
89.1
118.0
124.6
81.0
105.2
96.7
134.6
96.0
117.1
92.8
97.5
90.2
74.7
100.1
88.7
122.9
122.6
80.6
99.7
102.0
120.2
86.8
97.8
141.3
90.2
106.8
109.3
79.2
99.4
115.1
109.6
94.4
109.0
61.6
121.4
100.1
96.9
107.8
111.0
89.7
118.1
84.3
94.0
93.5
121.6
83.1
90.2
107.6
116.5
139.3
101.8
114.0
97.5
100.6
99.0
99.7
80.0
93.5
106.6
113.2
109.6
113.1
136.5
96.4
100.9
125.0
112.7
117.1
99.9
102.1
121.8
97.4
109.1
111.6
128.4
129.4
117.8
115.6
112.7
83.1
102.2
100.7
96.9
95.0
103.4
104.0
98.8
89.3
95.0
76.4
110.5
105.2
96.0
77.3
114.2
107.1
84.2
122.9
101.1
108.1
106.3
109.6
81.1
85.3
103.0
98.8
101.8
90.4
81.6
78.0
128.1
105.8
103.4
87.1
77.0
101.2
103.9
101.3
100.4
117.8
103.5
81.0
107.6
105.7
98.4
118.2
94.1
96.0
116.7
103.8
94.5
123.5
115.3
98.5
89.9
65.0
99.5
94.5
111.7
108.1
108.0
67.1
98.8
124.7
109.2
98.9
101.3
112.2
105.7
86.0
122.2
120.1
113.2
105.6
115.7
122.3
98.0
97.9
117.4
103.1
127.5
88.8
104.9
70.7
82.9
123.0
101.3
107.8
117.3
109.2
113.4
126.1
102.8
108.6
99.1
102.1
80.7
109.5
82.8
111.4
86.6
82.6
103.9
108.7
97.9
86.1
94.2
82.8
89.7
91.8
100.5
133.7
94.5
109.0
107.6
71.7
71.7
71.2
96.2
83.0
91.8
89.9
89.3
77.5
68.1
115.9
134.6
112.5
75.4
101.4
102.4
121.9
110.7
105.9
105.7
104.4
79.0
88.9
111.7
100.9
71.4
80.2
102.6
58.1
77.4
94.6
89.1
99.5
79.9
104.3
86.3
87.6
101.3
81.6
105.5
128.6
95.9
89.4
82.2
117.6
120.8
104.1
107.8
97.4
130.6
93.1
106.7
96.4
76.6
129.4
113.9
79.3
96.2
96.4
105.2
127.9
74.1
119.6
115.7
95.7
95.7
86.6
92.7
105.8
108.3
105.4
87.5
57.4
114.4
82.2
75.7
85.6
86.2
96.5
93.2
98.4
104.1
108.0
78.5
90.1
120.8
93.2
119.6
81.9
85.7
125.3
102.9
91.0
126.5
98.9
90.7
102.2
89.7
95.9
80.5
103.9
104.1
124.8
101.9
118.8
109.5
74.5
105.0
112.3
96.1
98.4
110.3
114.5
113.7
81.0
124.9
82.8
68.6
100.1
99.9
105.5
69.1
79.2
95.5
108.4
110.4
78.0
85.4
111.9
101.5
95.9
100.3
91.0
110.6
88.4
97.7
113.2
114.1
83.7
109.8
69.3
109.9
86.8
105.0
87.8
100.3
99.1
89.0
81.8
76.1
85.6
81.8
63.8
105.7
94.6
96.0
83.9
87.0
90.9
114.6
116.2
84.3
116.8
84.5
100.6
98.6
122.3
117.9
87.0
99.7
84.9
115.1
99.0
99.7
78.9
103.2
83.4
92.4
103.4
106.7
103.7
77.8
65.1
103.8
93.4
95.2
97.3
103.0
87.7
97.5
116.3
85.8
103.4
111.0
91.6
110.5
98.1
109.4
104.0
93.0
74.4
99.5
74.1
106.5
90.7
101.0
123.0
110.4
83.9
86.5
95.6
97.1
83.1
95.7
113.0
68.8
118.4
92.9
89.7
103.3
116.5
115.5
74.7
123.1
112.4
95.3
94.9
105.5
85.9
96.3
88.9
108.0
80.0
117.3
119.4
102.3
80.1
77.7
87.7
115.5
66.7
89.7
92.2
85.0
67.7
129.5
105.2
108.2
98.6
122.3
87.0
93.0
100.9
85.6
129.1
106.1
97.8
98.1
100.8
104.9
88.6
122.7
121.0
111.7
97.0
74.8
116.5
90.7
119.9
61.4
112.6
114.7
118.0
107.6
121.2
82.5
120.0
94.0
116.6
85.6
102.3
89.2
93.2
97.5
76.3
109.7
112.3
115.6
96.1
130.0
93.6
123.6
117.3
114.7
102.8
102.5
91.3
96.2
87.5
85.0
84.0
133.3
100.7
122.3
85.8
88.5
128.8
81.5
123.0
113.6
103.8
108.4
80.4
64.4
110.5
93.0
103.7
85.8
112.2
111.0
108.2
101.7
86.2
81.8
113.6
106.4
110.1
98.8
88.4
91.2
100.2
105.4
109.2
93.1
98.1
96.4
96.7
101.8
113.4
82.8
73.3
68.1
78.0
121.5
92.6
110.9
90.0
108.3
82.2
107.7
74.7
93.5
88.4
109.0
91.2
103.8
151.3
133.7
132.3
107.6
109.6
116.8
97.4
92.4
102.3
106.8
114.4
90.0
73.4
85.7
100.3
104.3
99.4
114.1
79.8
110.0
120.3
90.9
100.5
84.0
99.5
109.4
127.6
88.5
79.4
104.2
111.6
98.4
89.9
127.4
75.3
102.9
95.0
96.5
103.6
114.0
103.6
101.2
68.7
106.0
94.3
100.7
86.4
111.6
88.5
101.4
91.6
128.5
110.1
127.5
128.1
120.6
96.3
110.2
101.7
117.6
101.2
112.9
99.0
76.7
78.0
98.6
113.2
85.1
90.2
112.8
121.8
120.1
114.6
97.9
74.0
93.3
83.9
72.0
110.3
103.5
103.0
71.2
106.4
124.7
90.9
108.8
104.7
107.9
119.7
115.1
113.3
107.0
119.2
76.7
118.5
108.2
99.5
112.3
74.3
90.6
114.6
111.3
96.8
114.0
76.1
65.4
118.3
104.2
88.4
120.7
84.8
106.6
86.8
85.9
92.0
105.1
63.8
120.7
118.5
95.2
82.3
103.4
96.8
99.5
108.6
133.9
101.2
69.0
96.0
125.2
104.3
101.8
118.8
109.7
89.9
93.6
93.0
86.1
124.3
121.5
97.0
88.0
99.1
119.6
88.1
95.0
78.9
110.0
136.1
92.9
93.1
88.7
91.0
124.3
114.2
78.0
88.0
97.5
97.4
105.2
112.1
103.4
95.4
108.7
95.0
106.2
79.4
110.3
83.3
119.6
78.7
77.7
87.7
113.7
115.5
104.1
112.3
89.0
78.0
109.3
107.5
91.7
93.2
107.6
113.3
106.6
96.3
91.8
95.9
107.6
97.5
102.4
104.1
98.7
106.9
94.4
100.7
87.7
104.6
76.0
90.8
117.5
69.4
113.2
80.3
86.4
115.9
90.4
93.1
134.0
95.7
77.9
120.3
112.0
110.2
93.4
81.1
113.4
108.9
99.9
89.2
98.9
106.4
102.7
101.0
101.9
110.6
104.9
73.6
87.3
108.9
83.5
101.6
87.7
96.5
101.0
70.5
58.5
75.9
109.4
111.8
112.1
106.4
83.5
118.8
98.1
95.8
101.7
106.2
81.3
100.4
119.7
84.6
93.1
101.8
88.4
122.6
96.1
116.1
70.8
102.9
92.5
116.2
106.6
108.9
125.7
124.2
93.5
96.7
89.4
104.7
99.9
101.3
85.0
107.8
108.7
98.7
95.8
104.9
98.5
90.5
105.1
103.7
113.3
102.1
122.2
115.0
84.1
74.9
102.7
103.7
86.8
129.4
129.2
121.2
109.3
96.4
110.8
88.1
105.1
94.8
88.8
89.4
101.0
98.2
116.8
87.9
82.4
100.6
106.4
78.8
108.6
116.9
69.6
111.1
78.2
103.9
102.1
100.2
128.8
111.7
114.6
93.5
117.7
80.2
86.3
87.3
101.2
135.6
78.8
102.4
112.1
65.6
89.7
80.4
127.2
108.9
94.7
73.3
111.1
95.1
94.2
108.5
70.8
115.2
91.3
94.9
106.9
76.3
82.9
80.3
88.8
117.7
76.3
114.0
135.0
80.9
62.2
95.3
117.9
96.1
103.5
127.8
81.0
98.3
85.4
92.2
93.5
135.7
92.8
108.8
98.9
101.5
110.0
86.8
111.4
85.0
78.3
99.6
89.9
105.5
106.0
114.3
95.0
115.6
89.7
96.5
87.4
98.8
102.6
136.7
115.0
122.2
102.1
124.9
73.5
82.9
112.9
98.4
123.8
77.3
91.6
86.9
102.8
117.3
101.1
118.7
112.0
112.7
115.9
106.3
117.5
127.2
89.6
88.6
99.4
108.2
104.7
120.3
89.7
104.6
76.1
106.9
94.0
122.1
105.3
94.3
85.1
86.8
65.5
100.9
89.5
111.7
99.3
124.5
92.7
84.7
85.1
85.9
111.8
92.0
101.8
84.1
81.5
72.4
98.4
114.3
109.3
86.6
92.9
98.1
104.3
89.3
100.2
118.9
80.0
80.2
109.6
104.5
91.4
104.3
87.9
88.7
108.5
78.1
84.4
113.0
80.6
76.9
108.6
99.5
104.3
116.8
106.5
74.3
102.1
117.0
85.0
105.3
110.5
73.5
99.2
101.1
102.9
82.1
99.3
95.9
107.8
78.5
111.8
88.1
98.8
98.1
121.7
107.7
109.0
113.9
130.0
103.2
112.0
105.7
102.3
58.6
111.0
108.3
100.1
120.4
89.3
106.1
88.7
89.2
98.3
133.9
118.2
119.8
106.7
89.8
109.1
91.7
101.0
111.2
93.7
115.0
128.5
119.9
100.7
99.5
104.3
119.1
95.2
93.6
80.6
109.2
100.6
98.8
106.2
63.2
91.6
54.0
85.8
99.2
88.4
104.7
96.0
137.4
99.5
76.7
105.9
102.2
86.4
78.8
93.4
88.3
100.1
79.1
105.8
99.9
103.5
116.3
102.9
99.4
123.4
94.1
97.6
92.0
74.3
110.7
89.0
100.6
137.7
109.9
98.2
82.0
99.3
110.5
106.9
106.3
78.5
78.8
100.7
100.4
107.1
100.5
101.2
121.2
98.0
115.7
55.6
95.9
96.5
68.5
99.9
113.7
102.6
97.4
92.5
96.5
116.4
108.0
94.1
138.7
130.7
110.2
125.3
83.1
102.6
101.0
99.3
112.4
97.2
98.6
112.9
109.0
108.8
100.6
83.7
111.6
102.1
100.7
73.5
126.8
117.7
106.3
85.2
87.3
76.9
89.3
148.7
96.8
90.4
100.4
122.0
85.4
113.0
92.8
120.9
100.8
114.3
95.2
95.0
96.0
116.5
132.9
93.7
130.6
104.6
89.0
88.9
105.7
94.4
87.1
112.0
106.5
76.0
118.1
86.6
121.0
111.4
94.0
109.8
80.5
88.7
116.0
67.2
88.0
95.6
112.1
100.2
105.8
116.1
106.3
82.4
120.6
93.4
89.8
123.2
110.3
100.9
85.1
102.7
90.6
127.0
116.2
117.2
105.0
70.2
88.4
121.0
87.5
114.4
106.2
77.5
93.0
110.0
91.9
84.6
112.0
84.6
106.6
112.4
86.5
87.1
86.6
111.4
76.9
109.5
101.1
107.0
81.2
111.9
83.9
99.9
89.5
84.1
73.0
75.3
88.1
82.1
72.4
108.4
103.6
121.1
89.3
118.3
92.6
101.5
93.0
96.7
85.0
101.2
104.1
119.3
111.6
96.3
113.5
81.2
116.5
96.7
90.5
116.3
95.2
78.3
119.9
91.2
102.4
100.6
89.7
101.6
60.9
100.0
87.9
90.0
104.3
88.0
123.8
96.6
59.1
87.4
112.4
100.2
93.5
77.6
119.5
127.3
92.8
99.1
127.8
111.8
109.6
89.7
91.4
87.1
109.9
121.1
107.9
113.2
111.3
97.7
90.4
130.4
86.5
98.8
75.4
117.4
91.7
96.0
110.8
124.6
105.5
112.3
98.7
85.5
121.0
66.4
107.7
101.3
100.4
104.8
86.3
103.0
119.5
85.8
93.1
142.9
94.8
116.8
102.9
115.5
102.9
134.4
105.0
94.1
89.3
85.7
88.7
122.1
96.2
90.4
93.1
105.4
85.0
87.9
91.6
96.6
100.7
96.8
128.2
81.8
84.3
117.0
113.3
82.5
115.1
87.1
112.2
85.4
107.9
76.0
95.6
94.7
121.3
93.4
84.2
125.4
90.8
90.5
116.2
103.7
72.4
100.0
115.4
84.6
87.0
99.8
64.9
81.2
107.3
94.2
76.9
98.8
100.2
72.8
122.9
103.2
93.0
99.3
123.6
93.9
108.5
112.4
97.2
109.4
87.3
131.9
124.2
100.6
106.2
104.6
117.1
114.4
84.1
94.4
84.8
114.4
104.0
96.9
107.8
94.1
96.0
78.3
103.3
115.6
128.3
96.6
101.4
84.3
83.3
68.3
120.6
132.1
116.3
87.8
92.6
86.3
100.9
65.6
120.1
99.6
118.8
106.7
96.0
107.3
83.7
119.0
93.0
89.1
81.7
105.6
88.7
99.6
122.3
93.8
128.9
98.9
71.9
123.7
83.0
128.6
96.4
91.0
68.0
91.5
99.8
116.6
95.3
101.2
110.0
77.9
79.2
79.7
91.4
99.4
112.2
79.4
109.6
109.7
86.8
114.2
103.7
117.3
107.1
60.5
106.9
105.8
142.2
78.1
69.3
73.3
107.8
84.6
118.1
91.0
114.9
106.4
109.9
96.3
103.2
81.0
125.5
118.5
82.7
118.8
90.5
117.8
107.9
90.9
97.3
99.5
101.3
74.3
141.5
117.5
95.8
111.0
90.5
111.2
91.9
116.1
87.3
110.2
92.8
66.9
97.7
88.7
107.5
94.2
81.3
96.9
98.8
118.4
116.6
115.7
115.2
92.9
95.9
86.3
112.9
62.2
92.9
125.4
104.7
121.6
95.6
100.2
107.0
94.0
99.1
79.5
80.5
104.6
134.6
111.2
73.2
124.2
105.5
100.1
107.7
91.9
109.0
87.8
97.3
105.1
89.8
90.8
125.5
108.1
84.2
89.2
99.4
94.4
118.0
103.9
107.9
120.9
107.3
107.2
106.9
92.4
111.5
96.0
110.1
89.2
99.0
123.3
124.0
109.2
101.6
113.3
84.2
118.1
108.5
128.7
89.1
101.8
96.0
111.5
111.9
103.8
93.5
113.3
78.4
128.1
86.2
108.9
79.7
104.4
109.4
120.3
86.3
88.5
82.3
115.3
127.0
120.1
95.2
90.2
90.0
99.9
105.0
81.2
90.3
103.8
66.7
82.0
96.5
89.5
117.6
99.9
110.6
110.8
89.6
85.1
74.4
121.5
100.6
134.9
108.9
100.1
92.5
127.2
72.8
89.6
83.8
121.7
77.0
94.3
93.5
121.9
91.7
64.1
108.6
95.6
107.6
83.7
105.2
96.9
113.0
121.5
123.1
105.2
89.1
95.5
109.3
98.0
127.5
66.8
125.7
107.8
99.8
98.9
101.4
107.3
69.2
90.9
122.8
101.3
105.2
97.2
100.7
93.5
118.4
98.7
81.7
75.3
96.7
106.6
116.6
92.1
99.8
101.8
89.0
120.9
112.3
115.0
95.3
99.4
120.9
128.6
76.4
96.3
105.8
110.6
92.5
105.3
107.8
104.2
98.9
104.0
126.4
101.7
118.3
108.4
88.8
113.6
120.0
108.2
113.6
92.0
89.9
98.1
100.0
76.8
98.5
101.6
90.5
112.0
121.9
123.8
112.4
99.1
71.8
123.2
111.0
98.1
107.8
91.5
84.7
127.4
91.7
97.4
102.8
121.8
96.2
90.2
68.5
104.4
75.1
86.5
84.6
108.4
118.3
85.0
106.3
83.8
95.1
95.3
111.4
105.6
116.5
108.2
77.5
103.1
96.3
93.9
116.9
96.2
99.6
98.5
113.3
80.3
103.4
93.8
78.8
87.3
92.7
110.5
104.0
90.0
120.5
90.7
87.5
116.6
103.7
90.1
88.9
102.6
92.9
84.8
97.1
107.3
109.4
103.3
102.9
89.1
133.1
70.0
90.1
91.5
103.9
105.2
99.9
81.5
86.2
101.9
53.8
111.9
76.4
86.9
118.6
99.9
107.4
86.9
107.1
73.5
102.6
114.6
103.1
116.8
107.2
100.0
128.1
109.2
127.3
96.7
98.3
126.8
115.9
94.4
103.4
103.3
112.8
74.2
109.7
78.3
113.6
59.7
75.3
115.1
103.9
102.1
109.5
122.3
71.8
83.7
104.3
114.8
98.0
118.4
97.7
111.8
104.9
89.0
99.5
102.2
124.9
91.1
81.4
98.6
69.4
88.6
106.4
97.2
114.3
113.8
101.7
100.8
116.0
87.1
91.6
103.7
119.3
88.7
131.3
117.1
118.4
113.0
77.4
77.7
109.7
95.4
76.3
90.0
120.0
88.6
100.5
95.5
101.6
125.8
101.8
98.6
92.9
87.4
90.7
91.4
111.1
103.4
85.8
87.2
95.2
125.9
86.1
101.0
103.1
101.7
88.0
109.0
144.1
116.1
93.4
103.3
104.6
107.1
89.7
121.9
106.0
96.2
99.6
96.9
86.0
89.7
106.2
101.5
117.4
117.3
80.9
87.2
94.2
108.1
97.5
114.3
86.3
86.0
109.0
112.4
92.7
103.2
118.6
111.3
95.4
83.2
95.4
94.8
98.5
116.3
96.0
114.0
111.7
106.7
110.1
96.5
111.3
74.0
91.7
82.7
102.2
112.0
104.8
85.6
79.3
86.3
93.2
100.8
83.7
104.9
96.1
84.0
92.6
93.4
93.7
79.4
104.2
91.7
93.4
77.5
104.9
88.2
119.2
121.4
99.8
